Building DAG of jobs...
Relative file path './results/SRR12649393_GSM4781330_isi-unwounded_replicate_1_Arabidopsis_thaliana_RNA-Seq' starts with './'. This is redundant and strongly discouraged. It can also lead to inconsistent results of the file-matching approach used by Snakemake. You can simply omit the './' for relative file paths.
Relative file path './results/SRR12649394_GSM4781331_isi-unwounded_replicate_2_Arabidopsis_thaliana_RNA-Seq' starts with './'. This is redundant and strongly discouraged. It can also lead to inconsistent results of the file-matching approach used by Snakemake. You can simply omit the './' for relative file paths.
Relative file path './results/SRR12649395_GSM4781332_isi-unwounded_replicate_3_Arabidopsis_thaliana_RNA-Seq' starts with './'. This is redundant and strongly discouraged. It can also lead to inconsistent results of the file-matching approach used by Snakemake. You can simply omit the './' for relative file paths.
Relative file path './results/SRR12649396_GSM4781333_isi-wounded_replicate_1_Arabidopsis_thaliana_RNA-Seq' starts with './'. This is redundant and strongly discouraged. It can also lead to inconsistent results of the file-matching approach used by Snakemake. You can simply omit the './' for relative file paths.
Relative file path './results/SRR12649397_GSM4781334_isi-wounded_replicate_2_Arabidopsis_thaliana_RNA-Seq' starts with './'. This is redundant and strongly discouraged. It can also lead to inconsistent results of the file-matching approach used by Snakemake. You can simply omit the './' for relative file paths.
Relative file path './results/SRR12649398_GSM4781335_isi-wounded_replicate_3_Arabidopsis_thaliana_RNA-Seq' starts with './'. This is redundant and strongly discouraged. It can also lead to inconsistent results of the file-matching approach used by Snakemake. You can simply omit the './' for relative file paths.
Relative file path './results/Arab.idx' starts with './'. This is redundant and strongly discouraged. It can also lead to inconsistent results of the file-matching approach used by Snakemake. You can simply omit the './' for relative file paths.
Relative file path './data/SRR12649393_GSM4781330_isi-unwounded_replicate_1_Arabidopsis_thaliana_RNA-Seq.fastq.gz' starts with './'. This is redundant and strongly discouraged. It can also lead to inconsistent results of the file-matching approach used by Snakemake. You can simply omit the './' for relative file paths.
Relative file path './results/SRR12649393_GSM4781330_isi-unwounded_replicate_1_Arabidopsis_thaliana_RNA-Seq' starts with './'. This is redundant and strongly discouraged. It can also lead to inconsistent results of the file-matching approach used by Snakemake. You can simply omit the './' for relative file paths.
Relative file path './results/Arab.idx' starts with './'. This is redundant and strongly discouraged. It can also lead to inconsistent results of the file-matching approach used by Snakemake. You can simply omit the './' for relative file paths.
Relative file path './data/SRR12649394_GSM4781331_isi-unwounded_replicate_2_Arabidopsis_thaliana_RNA-Seq.fastq.gz' starts with './'. This is redundant and strongly discouraged. It can also lead to inconsistent results of the file-matching approach used by Snakemake. You can simply omit the './' for relative file paths.
Relative file path './results/SRR12649394_GSM4781331_isi-unwounded_replicate_2_Arabidopsis_thaliana_RNA-Seq' starts with './'. This is redundant and strongly discouraged. It can also lead to inconsistent results of the file-matching approach used by Snakemake. You can simply omit the './' for relative file paths.
Relative file path './results/Arab.idx' starts with './'. This is redundant and strongly discouraged. It can also lead to inconsistent results of the file-matching approach used by Snakemake. You can simply omit the './' for relative file paths.
Relative file path './data/SRR12649395_GSM4781332_isi-unwounded_replicate_3_Arabidopsis_thaliana_RNA-Seq.fastq.gz' starts with './'. This is redundant and strongly discouraged. It can also lead to inconsistent results of the file-matching approach used by Snakemake. You can simply omit the './' for relative file paths.
Relative file path './results/SRR12649395_GSM4781332_isi-unwounded_replicate_3_Arabidopsis_thaliana_RNA-Seq' starts with './'. This is redundant and strongly discouraged. It can also lead to inconsistent results of the file-matching approach used by Snakemake. You can simply omit the './' for relative file paths.
Relative file path './results/Arab.idx' starts with './'. This is redundant and strongly discouraged. It can also lead to inconsistent results of the file-matching approach used by Snakemake. You can simply omit the './' for relative file paths.
Relative file path './data/SRR12649396_GSM4781333_isi-wounded_replicate_1_Arabidopsis_thaliana_RNA-Seq.fastq.gz' starts with './'. This is redundant and strongly discouraged. It can also lead to inconsistent results of the file-matching approach used by Snakemake. You can simply omit the './' for relative file paths.
Relative file path './results/SRR12649396_GSM4781333_isi-wounded_replicate_1_Arabidopsis_thaliana_RNA-Seq' starts with './'. This is redundant and strongly discouraged. It can also lead to inconsistent results of the file-matching approach used by Snakemake. You can simply omit the './' for relative file paths.
Relative file path './results/Arab.idx' starts with './'. This is redundant and strongly discouraged. It can also lead to inconsistent results of the file-matching approach used by Snakemake. You can simply omit the './' for relative file paths.
Relative file path './data/SRR12649397_GSM4781334_isi-wounded_replicate_2_Arabidopsis_thaliana_RNA-Seq.fastq.gz' starts with './'. This is redundant and strongly discouraged. It can also lead to inconsistent results of the file-matching approach used by Snakemake. You can simply omit the './' for relative file paths.
Relative file path './results/SRR12649397_GSM4781334_isi-wounded_replicate_2_Arabidopsis_thaliana_RNA-Seq' starts with './'. This is redundant and strongly discouraged. It can also lead to inconsistent results of the file-matching approach used by Snakemake. You can simply omit the './' for relative file paths.
Relative file path './results/Arab.idx' starts with './'. This is redundant and strongly discouraged. It can also lead to inconsistent results of the file-matching approach used by Snakemake. You can simply omit the './' for relative file paths.
Relative file path './data/SRR12649398_GSM4781335_isi-wounded_replicate_3_Arabidopsis_thaliana_RNA-Seq.fastq.gz' starts with './'. This is redundant and strongly discouraged. It can also lead to inconsistent results of the file-matching approach used by Snakemake. You can simply omit the './' for relative file paths.
Relative file path './results/SRR12649398_GSM4781335_isi-wounded_replicate_3_Arabidopsis_thaliana_RNA-Seq' starts with './'. This is redundant and strongly discouraged. It can also lead to inconsistent results of the file-matching approach used by Snakemake. You can simply omit the './' for relative file paths.
Relative file path './results/Arab.idx' starts with './'. This is redundant and strongly discouraged. It can also lead to inconsistent results of the file-matching approach used by Snakemake. You can simply omit the './' for relative file paths.
Relative file path './data/Arab.idx.fastq.gz' starts with './'. This is redundant and strongly discouraged. It can also lead to inconsistent results of the file-matching approach used by Snakemake. You can simply omit the './' for relative file paths.
Relative file path './results/Arab.idx' starts with './'. This is redundant and strongly discouraged. It can also lead to inconsistent results of the file-matching approach used by Snakemake. You can simply omit the './' for relative file paths.
Relative file path './results/Arab.idx' starts with './'. This is redundant and strongly discouraged. It can also lead to inconsistent results of the file-matching approach used by Snakemake. You can simply omit the './' for relative file paths.
CyclicGraphException in rule kallisto_quant in file /Users/dariakilina/GitHub/RNAseq_projects/Wound_Signaling_Arabidopsis/Snakefile, line 16:
Cyclic dependency on rule kallisto_quant.
